<?xml version="1.0" encoding="UTF-8"?>
<!-- Generated by org.testng.reporters.JUnitReportReporter -->
<testsuite hostname="DESKTOP-7GPK01D" failures="0" tests="1" name="co.addidas.TC_WISH_LIST" time="55.783" errors="0" timestamp="2023-03-01T11:44:55 COT" skipped="0">
  <testcase classname="co.addidas.TC_WISH_LIST" name="TC_WISH_LIST" time="55.783"/>
  <system-out>
    <![CDATA[**Lunching URL https://www.adidas.co**
**User is in Main Page**
**user goes to Desire Collection**
**Closing pop up**
**User is Tendency page**
**Validate that user is in the correct url: https://www.adidas.co/ultraboost**
**user goes to Desire Product**
**User is in product page**
**User is in Login Pop Up**
**Login using Facebook Credentials**
**User was successfully logged**
**Closing the welcome pop up**
**User goes to wishList**
**User is in wishList**
**Validate that selected product is displayed**]]>
  </system-out>
</testsuite> <!-- co.addidas.TC_WISH_LIST -->
