<?xml version="1.0" encoding="UTF-8"?>
<!-- Generated by org.testng.reporters.JUnitReportReporter -->
<testsuite hostname="DESKTOP-7GPK01D" failures="0" tests="1" name="co.addidas.TC_WHIS_LIST" time="14.579" errors="0" timestamp="2023-02-17T17:09:47 COT" skipped="0">
  <testcase classname="co.addidas.TC_WHIS_LIST" name="TC_WISH_LIST" time="14.579"/>
  <system-out>
    <![CDATA[Lunching URL https://www.adidas.co
User is in Main Page
user goes to Desire Collection
User is in Jamaica Tendency page
Validate that user is in the correct url: https://www.adidas.co/jamaica
user goes to Desire Product - Guayos X Speedportal.3 Cancha Cubierta ]]>
  </system-out>
</testsuite> <!-- co.addidas.TC_WHIS_LIST -->
