<?xml version="1.0" encoding="UTF-8"?>
<!-- Generated by org.testng.reporters.JUnitReportReporter -->
<testsuite hostname="DESKTOP-7GPK01D" failures="0" tests="1" name="co.addidas.TC_WISH_LIST" time="35.106" errors="0" timestamp="2023-02-18T18:50:53 COT" skipped="0">
  <testcase classname="co.addidas.TC_WISH_LIST" name="TC_WISH_LIST" time="35.106"/>
  <system-out>
    <![CDATA[Lunching URL https://www.adidas.co
User is in Main Page
user goes to Desire Collection
Closing pop up
User is in Jamaica Tendency page
Validate that user is in the correct url: https://www.adidas.co/jamaica
user goes to Desire Product - Guayos X Speedportal.3 Cancha Cubierta 
User is in guayos page
User is in Login Pop Up
Login using Facebook Credentials
User was successfully logged
Closing thewelcome pop up
User goes to wishList
User is in wishList
Validate that selected product is displayed]]>
  </system-out>
</testsuite> <!-- co.addidas.TC_WISH_LIST -->
